2018-10-30 14:37:16,926 [INFO] [iris.local_web_server] Serving HTTP on 127.0.0.1 port 2000.
2018-10-30 14:37:38,161 [INFO] [mozdownload.scraper] Retrieving list of candidate builds from https://archive.mozilla.org/pub/firefox/candidates/64.0b5-candidates/
2018-10-30 14:37:38,213 [INFO] [mozdownload.scraper] Found 1 build: build1
2018-10-30 14:37:38,216 [INFO] [mozdownload.scraper] Selected build: build1
2018-10-30 14:37:38,267 [INFO] [mozdownload.scraper] File has already been downloaded: C:\Users\paul.silaghi\.iris\cache\firefox-64.0b5-build1.en-US.win64.exe
2018-10-30 14:37:43,484 [INFO] [mozdownload.scraper] Retrieving list of candidate builds from https://archive.mozilla.org/pub/firefox/candidates/64.0b5-candidates/
2018-10-30 14:37:43,538 [INFO] [mozdownload.scraper] Found 1 build: build1
2018-10-30 14:37:43,540 [INFO] [mozdownload.scraper] Selected build: build1
2018-10-30 14:37:43,596 [INFO] [iris.__main__] Latest available version for beta channel is: 64.0b5
2018-10-30 14:37:43,716 [INFO] [iris.test_runner] Running tests
2018-10-30 14:37:43,719 [INFO] [iris.test_runner] 
------------------------------------------------------------------------------------------------------------------------
2018-10-30 14:37:43,726 [INFO] [iris.test_runner] Executing: 1 - [empty]: This is an empty test case that does nothing
2018-10-30 14:37:59,142 [SUCCESS] [iris.api.helpers.results] Step: test, outcome: >>> PASSED <<<
2018-10-30 14:37:59,145 [WARNING] [iris.api.helpers.results] Step: test, outcome: >>> FAILED <<< 

------------------------------------------------------------------------------------------------------------------------
» Traceback (most recent call last):                                                                                   «
»   File "C:\Users\paul.silaghi\.virtualenvs\iris-DBojdd3p\Scripts\iris-script.py", line 11, in <module>               «
»     load_entry_point('iris', 'console_scripts', 'iris')()                                                            «
»   File "c:\github\iris\iris\__main__.py", line 46, in main                                                           «
»     Iris()                                                                                                           «
»   File "c:\github\iris\iris\__main__.py", line 59, in __init__                                                       «
»     run(self)                                                                                                        «
»   File "c:\github\iris\iris\test_runner.py", line 75, in run                                                         «
»     current.run()                                                                                                    «
»   File "c:\github\iris\iris\tests\experiments\empty.py", line 22, in run                                             «
»     assert_true(self, False, 'test')                                                                                 «
»   File "c:\github\iris\iris\asserts.py", line 60, in assert_true                                                     «
»     assert_equal(test_case, actual, True, message)                                                                   «
»   File "c:\github\iris\iris\asserts.py", line 32, in assert_equal                                                    «
»     test_case.add_results('FAILED', message, actual, expected, print_error(format_stack(traceback.extract_stack()))) «
------------------------------------------------------------------------------------------------------------------------

2018-10-30 14:37:59,187 [INFO] [iris.api.helpers.results] [empty] - >>> FAILED <<< (Finished in 12.99 second(s))

2018-10-30 14:37:59,203 [INFO] [iris.api.helpers.results] 
------------------------------------------------------------------------------------------------------------------------
Platform: win, Firefox Version: 64.0, Firefox Build: 20181029164536
Passed: 0, Failed: 1, Skipped: 0, Errors: 0 -- Total: 1                                      Total time: 15.48 second(s)

The following tests did not pass:
empty


------------------------------------------------------------------------------------------------------------------------

