2018-11-01 11:25:15,358 [INFO] [iris.local_web_server] Serving HTTP on 127.0.0.1 port 2000.
2018-11-01 11:25:39,822 [INFO] [mozdownload.scraper] Retrieving list of candidate builds from https://archive.mozilla.org/pub/firefox/candidates/64.0b5-candidates/
2018-11-01 11:25:39,885 [INFO] [mozdownload.scraper] Found 1 build: build1
2018-11-01 11:25:39,888 [INFO] [mozdownload.scraper] Selected build: build1
2018-11-01 11:25:40,364 [INFO] [mozdownload.scraper] Downloading from: https://archive.mozilla.org/pub/firefox/candidates/64.0b5-candidates/build1/win64/en-US/Firefox%20Setup%2064.0b5.exe
2018-11-01 11:25:40,369 [INFO] [mozdownload.scraper] Saving as: C:\Users\paul.silaghi\.iris\cache\firefox-64.0b5-build1.en-US.win64.exe
2018-11-01 11:25:53,306 [INFO] [mozdownload.scraper] Retrieving list of candidate builds from https://archive.mozilla.org/pub/firefox/candidates/64.0b5-candidates/
2018-11-01 11:25:53,355 [INFO] [mozdownload.scraper] Found 1 build: build1
2018-11-01 11:25:53,358 [INFO] [mozdownload.scraper] Selected build: build1
2018-11-01 11:25:53,408 [INFO] [iris.__main__] Latest available version for beta channel is: 64.0b5
2018-11-01 11:25:53,532 [INFO] [iris.test_runner] Running tests
2018-11-01 11:25:53,533 [INFO] [iris.test_runner] 
------------------------------------------------------------------------------------------------------------------------
2018-11-01 11:25:53,539 [INFO] [iris.test_runner] Executing: 1 - [add_links_keyboard_shortcuts]: This test case adds links using 'CTRL' + 'ENTER' keys.
2018-11-01 11:26:14,960 [SUCCESS] [iris.api.helpers.results] Step: CNN page successfully loaded ., outcome: >>> PASSED <<<
2018-11-01 11:26:14,963 [SUCCESS] [iris.api.helpers.results] Step: Facebook page successfully loaded., outcome: >>> PASSED <<<
2018-11-01 11:26:14,967 [SUCCESS] [iris.api.helpers.results] Step: CNN page successfully reloaded., outcome: >>> PASSED <<<
2018-11-01 11:26:14,971 [INFO] [iris.api.helpers.results] [add_links_keyboard_shortcuts] - >>> PASSED <<< (Finished in 18.54 second(s))

2018-11-01 11:26:14,980 [INFO] [iris.test_runner] 
------------------------------------------------------------------------------------------------------------------------
2018-11-01 11:26:14,989 [INFO] [iris.test_runner] Executing: 2 - [add_bookmark_tags_via_bookmark_sidebar]: Tags can be added to bookmarks using the Bookmarks Sidebar.
2018-11-01 11:26:37,250 [SUCCESS] [iris.api.helpers.results] Step: Properties option is present on the page., outcome: >>> PASSED <<<
2018-11-01 11:26:37,253 [SUCCESS] [iris.api.helpers.results] Step: Properties window is present on the page., outcome: >>> PASSED <<<
2018-11-01 11:26:37,257 [SUCCESS] [iris.api.helpers.results] Step: Moz bookmark was successfully tagged via bookmark sidebar., outcome: >>> PASSED <<<
2018-11-01 11:26:37,263 [INFO] [iris.api.helpers.results] [add_bookmark_tags_via_bookmark_sidebar] - >>> PASSED <<< (Finished in 19.72 second(s))

2018-11-01 11:26:37,285 [INFO] [iris.test_runner] 
------------------------------------------------------------------------------------------------------------------------
2018-11-01 11:26:37,290 [INFO] [iris.test_runner] Executing: 3 - [empty]: This is an empty test case that does nothing
2018-11-01 11:26:46,003 [SUCCESS] [iris.api.helpers.results] Step: test, outcome: >>> PASSED <<<
2018-11-01 11:26:46,006 [WARNING] [iris.api.helpers.results] Step: test, outcome: >>> FAILED <<< 

------------------------------------------------------------------------------------------------------------------------
» Traceback (most recent call last):                                                                                   «
»   File "C:\Users\paul.silaghi\.virtualenvs\iris-DBojdd3p\Scripts\iris-script.py", line 11, in <module>               «
»     load_entry_point('iris', 'console_scripts', 'iris')()                                                            «
»   File "c:\github\iris\iris\__main__.py", line 46, in main                                                           «
»     Iris()                                                                                                           «
»   File "c:\github\iris\iris\__main__.py", line 59, in __init__                                                       «
»     run(self)                                                                                                        «
»   File "c:\github\iris\iris\test_runner.py", line 75, in run                                                         «
»     current.run()                                                                                                    «
»   File "c:\github\iris\iris\tests\experiments\empty.py", line 22, in run                                             «
»     assert_true(self, False, 'test')                                                                                 «
»   File "c:\github\iris\iris\asserts.py", line 60, in assert_true                                                     «
»     assert_equal(test_case, actual, True, message)                                                                   «
»   File "c:\github\iris\iris\asserts.py", line 32, in assert_equal                                                    «
»     test_case.add_results('FAILED', message, actual, expected, print_error(format_stack(traceback.extract_stack()))) «
------------------------------------------------------------------------------------------------------------------------

2018-11-01 11:26:46,042 [INFO] [iris.api.helpers.results] [empty] - >>> FAILED <<< (Finished in 6.28 second(s))

2018-11-01 11:26:46,059 [INFO] [iris.api.helpers.results] 
------------------------------------------------------------------------------------------------------------------------
Platform: win, Firefox Version: 64.0, Firefox Build: 20181029164536
Passed: 2, Failed: 1, Skipped: 0, Errors: 0 -- Total: 3                                      Total time: 52.53 second(s)

The following tests did not pass:
empty


------------------------------------------------------------------------------------------------------------------------

