2018-10-30 14:38:07,918 [INFO] [iris.local_web_server] Serving HTTP on 127.0.0.1 port 2000.
2018-10-30 14:39:40,096 [INFO] [mozdownload.scraper] Retrieving list of candidate builds from https://archive.mozilla.org/pub/firefox/candidates/64.0b5-candidates/
2018-10-30 14:39:40,144 [INFO] [mozdownload.scraper] Found 1 build: build1
2018-10-30 14:39:40,145 [INFO] [mozdownload.scraper] Selected build: build1
2018-10-30 14:39:40,197 [INFO] [mozdownload.scraper] File has already been downloaded: C:\Users\paul.silaghi\.iris\cache\firefox-64.0b5-build1.en-US.win64.exe
2018-10-30 14:39:45,375 [INFO] [mozdownload.scraper] Retrieving list of candidate builds from https://archive.mozilla.org/pub/firefox/candidates/64.0b5-candidates/
2018-10-30 14:39:45,424 [INFO] [mozdownload.scraper] Found 1 build: build1
2018-10-30 14:39:45,427 [INFO] [mozdownload.scraper] Selected build: build1
2018-10-30 14:39:45,477 [INFO] [iris.__main__] Latest available version for beta channel is: 64.0b5
2018-10-30 14:39:45,599 [INFO] [iris.test_runner] Running tests
2018-10-30 14:39:45,602 [INFO] [iris.test_runner] 
------------------------------------------------------------------------------------------------------------------------
2018-10-30 14:39:45,608 [INFO] [iris.test_runner] Executing: 1 - [empty]: This is an empty test case that does nothing
2018-10-30 14:39:55,062 [SUCCESS] [iris.api.helpers.results] Step: test, outcome: >>> PASSED <<<
2018-10-30 14:39:55,065 [WARNING] [iris.api.helpers.results] Step: test, outcome: >>> FAILED <<< 

------------------------------------------------------------------------------------------------------------------------
» Traceback (most recent call last):                                                                                   «
»   File "C:\Users\paul.silaghi\.virtualenvs\iris-DBojdd3p\Scripts\iris-script.py", line 11, in <module>               «
»     load_entry_point('iris', 'console_scripts', 'iris')()                                                            «
»   File "c:\github\iris\iris\__main__.py", line 46, in main                                                           «
»     Iris()                                                                                                           «
»   File "c:\github\iris\iris\__main__.py", line 59, in __init__                                                       «
»     run(self)                                                                                                        «
»   File "c:\github\iris\iris\test_runner.py", line 75, in run                                                         «
»     current.run()                                                                                                    «
»   File "c:\github\iris\iris\tests\experiments\empty.py", line 22, in run                                             «
»     assert_true(self, False, 'test')                                                                                 «
»   File "c:\github\iris\iris\asserts.py", line 60, in assert_true                                                     «
»     assert_equal(test_case, actual, True, message)                                                                   «
»   File "c:\github\iris\iris\asserts.py", line 32, in assert_equal                                                    «
»     test_case.add_results('FAILED', message, actual, expected, print_error(format_stack(traceback.extract_stack()))) «
------------------------------------------------------------------------------------------------------------------------

2018-10-30 14:39:55,102 [INFO] [iris.api.helpers.results] [empty] - >>> FAILED <<< (Finished in 7.02 second(s))

2018-10-30 14:39:55,117 [INFO] [iris.test_runner] 
------------------------------------------------------------------------------------------------------------------------
2018-10-30 14:39:55,122 [INFO] [iris.test_runner] Executing: 2 - [bookmarks_toolbar_open_all_in_tabs]: Copy a History time range from the History sidebar and paste it to the Bookmarks toolbar, thenuse the 'Open All in Tabs' option on the saved bookmark.
2018-10-30 14:40:25,801 [SUCCESS] [iris.api.helpers.results] Step: Mozilla page loaded successfully., outcome: >>> PASSED <<<
2018-10-30 14:40:25,805 [SUCCESS] [iris.api.helpers.results] Step: Bookmarks Toolbar has been activated., outcome: >>> PASSED <<<
2018-10-30 14:40:25,809 [SUCCESS] [iris.api.helpers.results] Step: Sidebar was opened successfully., outcome: >>> PASSED <<<
2018-10-30 14:40:25,815 [SUCCESS] [iris.api.helpers.results] Step: Expand history button displayed properly., outcome: >>> PASSED <<<
2018-10-30 14:40:25,822 [SUCCESS] [iris.api.helpers.results] Step: History time range was copied successfully to the Bookmarks toolbar., outcome: >>> PASSED <<<
2018-10-30 14:40:25,826 [SUCCESS] [iris.api.helpers.results] Step: Firefox Privacy Notice loaded successfully., outcome: >>> PASSED <<<
2018-10-30 14:40:25,832 [SUCCESS] [iris.api.helpers.results] Step: Iris local page loaded successfully., outcome: >>> PASSED <<<
2018-10-30 14:40:25,836 [SUCCESS] [iris.api.helpers.results] Step: Mozilla page loaded successfully., outcome: >>> PASSED <<<
2018-10-30 14:40:25,841 [INFO] [iris.api.helpers.results] [bookmarks_toolbar_open_all_in_tabs] - >>> PASSED <<< (Finished in 27.99 second(s))

2018-10-30 14:40:25,851 [INFO] [iris.test_runner] 
------------------------------------------------------------------------------------------------------------------------
2018-10-30 14:40:25,857 [INFO] [iris.test_runner] Executing: 3 - [about_firefox_controls]: This is a test of the 'About Firefox' window controls
2018-10-30 14:40:38,173 [SUCCESS] [iris.api.helpers.results] Step: 'About Firefox' window was opened successfully., outcome: >>> PASSED <<<
2018-10-30 14:40:38,180 [SUCCESS] [iris.api.helpers.results] Step: 'About Firefox' window was closed successfully., outcome: >>> PASSED <<<
2018-10-30 14:40:38,184 [INFO] [iris.api.helpers.results] [about_firefox_controls] - >>> PASSED <<< (Finished in 9.44 second(s))

2018-10-30 14:40:38,197 [INFO] [iris.api.helpers.results] 
------------------------------------------------------------------------------------------------------------------------
Platform: win, Firefox Version: 64.0, Firefox Build: 20181029164536
Passed: 2, Failed: 1, Skipped: 0, Errors: 0 -- Total: 3                                      Total time: 52.59 second(s)

The following tests did not pass:
empty


------------------------------------------------------------------------------------------------------------------------

